<?xml version="1.0" encoding="UTF-8"?>
<coverage generated="1595126486413" clover="3.2.0">
  <project timestamp="1595126486413" name="All files">
    <metrics statements="171" coveredstatements="157" conditionals="25" coveredconditionals="17" methods="55" coveredmethods="47" elements="251" coveredelements="221" complexity="0" loc="171" ncloc="171" packages="7" files="12" classes="12"/>
    <package name="components.SearchInput">
      <metrics statements="13" coveredstatements="10" conditionals="7" coveredconditionals="4" methods="4" coveredmethods="2"/>
      <file name="index.tsx" path="D:\www\gostack2k20\aulas\desafios\gostack-template-react-native-delivery-desafio\src\components\SearchInput\index.tsx">
        <metrics statements="9" coveredstatements="6" conditionals="5" coveredconditionals="3" methods="3" coveredmethods="1"/>
        <line num="11" count="1" type="cond" truecount="0" falsecount="1"/>
        <line num="12" count="24" type="stmt"/>
        <line num="13" count="24" type="stmt"/>
        <line num="15" count="24" type="stmt"/>
        <line num="16" count="0" type="stmt"/>
        <line num="19" count="24" type="stmt"/>
        <line num="20" count="0" type="stmt"/>
        <line num="22" count="0" type="stmt"/>
        <line num="25" count="24" type="stmt"/>
      </file>
      <file name="styles.ts" path="D:\www\gostack2k20\aulas\desafios\gostack-template-react-native-delivery-desafio\src\components\SearchInput\styles.ts">
        <metrics statements="4" coveredstatements="4" conditionals="2" coveredconditionals="1" methods="1" coveredmethods="1"/>
        <line num="8" count="1" type="stmt"/>
        <line num="20" count="24" type="cond" truecount="1" falsecount="1"/>
        <line num="26" count="1" type="stmt"/>
        <line num="33" count="1" type="stmt"/>
      </file>
    </package>
    <package name="pages.Dashboard">
      <metrics statements="42" coveredstatements="41" conditionals="4" coveredconditionals="4" methods="15" coveredmethods="14"/>
      <file name="index.tsx" path="D:\www\gostack2k20\aulas\desafios\gostack-template-react-native-delivery-desafio\src\pages\Dashboard\index.tsx">
        <metrics statements="25" coveredstatements="24" conditionals="2" coveredconditionals="2" methods="14" coveredmethods="13"/>
        <line num="46" count="1" type="stmt"/>
        <line num="47" count="24" type="stmt"/>
        <line num="48" count="24" type="stmt"/>
        <line num="49" count="24" type="stmt"/>
        <line num="52" count="24" type="stmt"/>
        <line num="54" count="24" type="stmt"/>
        <line num="57" count="1" type="stmt"/>
        <line num="60" count="24" type="stmt"/>
        <line num="62" count="10" type="stmt"/>
        <line num="69" count="16" type="stmt"/>
        <line num="74" count="10" type="stmt"/>
        <line num="77" count="10" type="stmt"/>
        <line num="80" count="24" type="stmt"/>
        <line num="82" count="4" type="stmt"/>
        <line num="83" count="4" type="stmt"/>
        <line num="87" count="4" type="stmt"/>
        <line num="91" count="3" type="cond" truecount="2" falsecount="0"/>
        <line num="92" count="1" type="stmt"/>
        <line num="94" count="2" type="stmt"/>
        <line num="98" count="24" type="stmt"/>
        <line num="106" count="0" type="stmt"/>
        <line num="127" count="30" type="stmt"/>
        <line num="130" count="3" type="stmt"/>
        <line num="147" count="32" type="stmt"/>
        <line num="149" count="1" type="stmt"/>
      </file>
      <file name="styles.ts" path="D:\www\gostack2k20\aulas\desafios\gostack-template-react-native-delivery-desafio\src\pages\Dashboard\styles.ts">
        <metrics statements="17" coveredstatements="17" conditionals="2" coveredconditionals="2" methods="1" coveredmethods="1"/>
        <line num="7" count="1" type="stmt"/>
        <line num="12" count="1" type="stmt"/>
        <line num="21" count="1" type="stmt"/>
        <line num="26" count="1" type="stmt"/>
        <line num="36" count="1" type="stmt"/>
        <line num="40" count="1" type="stmt"/>
        <line num="44" count="1" type="stmt"/>
        <line num="58" count="30" type="cond" truecount="2" falsecount="0"/>
        <line num="65" count="1" type="stmt"/>
        <line num="74" count="1" type="stmt"/>
        <line num="78" count="1" type="stmt"/>
        <line num="84" count="1" type="stmt"/>
        <line num="93" count="1" type="stmt"/>
        <line num="101" count="1" type="stmt"/>
        <line num="106" count="1" type="stmt"/>
        <line num="114" count="1" type="stmt"/>
        <line num="124" count="1" type="stmt"/>
      </file>
    </package>
    <package name="pages.Favorites">
      <metrics statements="21" coveredstatements="21" conditionals="0" coveredconditionals="0" methods="6" coveredmethods="6"/>
      <file name="index.tsx" path="D:\www\gostack2k20\aulas\desafios\gostack-template-react-native-delivery-desafio\src\pages\Favorites\index.tsx">
        <metrics statements="10" coveredstatements="10" conditionals="0" coveredconditionals="0" methods="6" coveredmethods="6"/>
        <line num="30" count="1" type="stmt"/>
        <line num="31" count="2" type="stmt"/>
        <line num="33" count="2" type="stmt"/>
        <line num="35" count="1" type="stmt"/>
        <line num="37" count="2" type="stmt"/>
        <line num="42" count="1" type="stmt"/>
        <line num="45" count="1" type="stmt"/>
        <line num="48" count="2" type="stmt"/>
        <line num="57" count="5" type="stmt"/>
        <line num="59" count="2" type="stmt"/>
      </file>
      <file name="styles.ts" path="D:\www\gostack2k20\aulas\desafios\gostack-template-react-native-delivery-desafio\src\pages\Favorites\styles.ts">
        <metrics statements="11" coveredstatements="11" conditionals="0" coveredconditionals="0" methods="0" coveredmethods="0"/>
        <line num="13" count="1" type="stmt"/>
        <line num="18" count="1" type="stmt"/>
        <line num="26" count="1" type="stmt"/>
        <line num="35" count="1" type="stmt"/>
        <line num="40" count="1" type="stmt"/>
        <line num="47" count="1" type="stmt"/>
        <line num="58" count="1" type="stmt"/>
        <line num="67" count="1" type="stmt"/>
        <line num="72" count="1" type="stmt"/>
        <line num="81" count="1" type="stmt"/>
        <line num="93" count="1" type="stmt"/>
      </file>
    </package>
    <package name="pages.FoodDetails">
      <metrics statements="71" coveredstatements="61" conditionals="14" coveredconditionals="9" methods="23" coveredmethods="18"/>
      <file name="index.tsx" path="D:\www\gostack2k20\aulas\desafios\gostack-template-react-native-delivery-desafio\src\pages\FoodDetails\index.tsx">
        <metrics statements="49" coveredstatements="39" conditionals="14" coveredconditionals="9" methods="23" coveredmethods="18"/>
        <line num="63" count="1" type="stmt"/>
        <line num="64" count="30" type="stmt"/>
        <line num="65" count="30" type="stmt"/>
        <line num="66" count="30" type="stmt"/>
        <line num="67" count="30" type="stmt"/>
        <line num="69" count="30" type="stmt"/>
        <line num="70" count="30" type="stmt"/>
        <line num="72" count="30" type="stmt"/>
        <line num="74" count="30" type="stmt"/>
        <line num="76" count="6" type="stmt"/>
        <line num="78" count="6" type="stmt"/>
        <line num="80" count="6" type="stmt"/>
        <line num="82" count="6" type="stmt"/>
        <line num="83" count="11" type="stmt"/>
        <line num="90" count="6" type="stmt"/>
        <line num="94" count="4" type="stmt"/>
        <line num="95" count="6" type="cond" truecount="2" falsecount="0"/>
        <line num="100" count="4" type="stmt"/>
        <line num="104" count="1" type="stmt"/>
        <line num="106" count="1" type="cond" truecount="3" falsecount="1"/>
        <line num="107" count="1" type="stmt"/>
        <line num="108" count="1" type="cond" truecount="1" falsecount="1"/>
        <line num="113" count="1" type="stmt"/>
        <line num="118" count="4" type="stmt"/>
        <line num="122" count="4" type="cond" truecount="2" falsecount="0"/>
        <line num="125" count="30" type="stmt"/>
        <line num="126" count="0" type="cond" truecount="0" falsecount="2"/>
        <line num="127" count="0" type="stmt"/>
        <line num="129" count="0" type="stmt"/>
        <line num="136" count="0" type="stmt"/>
        <line num="139" count="30" type="stmt"/>
        <line num="140" count="30" type="stmt"/>
        <line num="141" count="32" type="stmt"/>
        <line num="145" count="30" type="stmt"/>
        <line num="147" count="30" type="stmt"/>
        <line num="151" count="0" type="stmt"/>
        <line num="158" count="0" type="stmt"/>
        <line num="160" count="0" type="stmt"/>
        <line num="163" count="30" type="stmt"/>
        <line num="164" count="6" type="cond" truecount="1" falsecount="1"/>
        <line num="168" count="30" type="stmt"/>
        <line num="169" count="30" type="stmt"/>
        <line num="171" count="0" type="stmt"/>
        <line num="175" count="0" type="stmt"/>
        <line num="181" count="30" type="stmt"/>
        <line num="206" count="32" type="stmt"/>
        <line num="213" count="1" type="stmt"/>
        <line num="223" count="4" type="stmt"/>
        <line num="255" count="0" type="stmt"/>
      </file>
      <file name="styles.ts" path="D:\www\gostack2k20\aulas\desafios\gostack-template-react-native-delivery-desafio\src\pages\FoodDetails\styles.ts">
        <metrics statements="22" coveredstatements="22" conditionals="0" coveredconditionals="0" methods="0" coveredmethods="0"/>
        <line num="3" count="1" type="stmt"/>
        <line num="8" count="1" type="stmt"/>
        <line num="17" count="1" type="stmt"/>
        <line num="25" count="1" type="stmt"/>
        <line num="29" count="1" type="stmt"/>
        <line num="37" count="1" type="stmt"/>
        <line num="44" count="1" type="stmt"/>
        <line num="48" count="1" type="stmt"/>
        <line num="56" count="1" type="stmt"/>
        <line num="66" count="1" type="stmt"/>
        <line num="77" count="1" type="stmt"/>
        <line num="86" count="1" type="stmt"/>
        <line num="91" count="1" type="stmt"/>
        <line num="101" count="1" type="stmt"/>
        <line num="110" count="1" type="stmt"/>
        <line num="117" count="1" type="stmt"/>
        <line num="122" count="1" type="stmt"/>
        <line num="129" count="1" type="stmt"/>
        <line num="139" count="1" type="stmt"/>
        <line num="151" count="1" type="stmt"/>
        <line num="159" count="1" type="stmt"/>
        <line num="168" count="1" type="stmt"/>
      </file>
    </package>
    <package name="pages.Orders">
      <metrics statements="21" coveredstatements="21" conditionals="0" coveredconditionals="0" methods="6" coveredmethods="6"/>
      <file name="index.tsx" path="D:\www\gostack2k20\aulas\desafios\gostack-template-react-native-delivery-desafio\src\pages\Orders\index.tsx">
        <metrics statements="10" coveredstatements="10" conditionals="0" coveredconditionals="0" methods="6" coveredmethods="6"/>
        <line num="30" count="1" type="stmt"/>
        <line num="31" count="2" type="stmt"/>
        <line num="33" count="2" type="stmt"/>
        <line num="35" count="1" type="stmt"/>
        <line num="37" count="2" type="stmt"/>
        <line num="42" count="1" type="stmt"/>
        <line num="45" count="1" type="stmt"/>
        <line num="48" count="2" type="stmt"/>
        <line num="57" count="5" type="stmt"/>
        <line num="59" count="2" type="stmt"/>
      </file>
      <file name="styles.ts" path="D:\www\gostack2k20\aulas\desafios\gostack-template-react-native-delivery-desafio\src\pages\Orders\styles.ts">
        <metrics statements="11" coveredstatements="11" conditionals="0" coveredconditionals="0" methods="0" coveredmethods="0"/>
        <line num="13" count="1" type="stmt"/>
        <line num="18" count="1" type="stmt"/>
        <line num="26" count="1" type="stmt"/>
        <line num="35" count="1" type="stmt"/>
        <line num="40" count="1" type="stmt"/>
        <line num="47" count="1" type="stmt"/>
        <line num="58" count="1" type="stmt"/>
        <line num="67" count="1" type="stmt"/>
        <line num="72" count="1" type="stmt"/>
        <line num="81" count="1" type="stmt"/>
        <line num="93" count="1" type="stmt"/>
      </file>
    </package>
    <package name="services">
      <metrics statements="1" coveredstatements="1" conditionals="0" coveredconditionals="0" methods="0" coveredmethods="0"/>
      <file name="api.ts" path="D:\www\gostack2k20\aulas\desafios\gostack-template-react-native-delivery-desafio\src\services\api.ts">
        <metrics statements="1" coveredstatements="1" conditionals="0" coveredconditionals="0" methods="0" coveredmethods="0"/>
        <line num="3" count="4" type="stmt"/>
      </file>
    </package>
    <package name="utils">
      <metrics statements="2" coveredstatements="2" conditionals="0" coveredconditionals="0" methods="1" coveredmethods="1"/>
      <file name="formatValue.ts" path="D:\www\gostack2k20\aulas\desafios\gostack-template-react-native-delivery-desafio\src\utils\formatValue.ts">
        <metrics statements="2" coveredstatements="2" conditionals="0" coveredconditionals="0" methods="1" coveredmethods="1"/>
        <line num="1" count="3" type="stmt"/>
        <line num="2" count="20" type="stmt"/>
      </file>
    </package>
  </project>
</coverage>
