{"D:\\www\\gostack2k20\\aulas\\desafios\\gostack-template-react-native-delivery-desafio\\src\\components\\SearchInput\\index.tsx": {"path":"D:\\www\\gostack2k20\\aulas\\desafios\\gostack-template-react-native-delivery-desafio\\src\\components\\SearchInput\\index.tsx","statementMap":{"0":{"start":{"line":11,"column":42},"end":{"line":43,"column":1}},"1":{"start":{"line":12,"column":36},"end":{"line":12,"column":51}},"2":{"start":{"line":13,"column":34},"end":{"line":13,"column":49}},"3":{"start":{"line":15,"column":27},"end":{"line":17,"column":8}},"4":{"start":{"line":16,"column":4},"end":{"line":16,"column":23}},"5":{"start":{"line":19,"column":26},"end":{"line":23,"column":13}},"6":{"start":{"line":20,"column":4},"end":{"line":20,"column":24}},"7":{"start":{"line":22,"column":4},"end":{"line":22,"column":25}},"8":{"start":{"line":25,"column":2},"end":{"line":42,"column":4}}},"fnMap":{"0":{"name":"(anonymous_0)","decl":{"start":{"line":11,"column":42},"end":{"line":11,"column":43}},"loc":{"start":{"line":11,"column":71},"end":{"line":43,"column":1}},"line":11},"1":{"name":"(anonymous_1)","decl":{"start":{"line":15,"column":39},"end":{"line":15,"column":40}},"loc":{"start":{"line":15,"column":45},"end":{"line":17,"column":3}},"line":15},"2":{"name":"(anonymous_2)","decl":{"start":{"line":19,"column":38},"end":{"line":19,"column":39}},"loc":{"start":{"line":19,"column":44},"end":{"line":23,"column":3}},"line":19}},"branchMap":{"0":{"loc":{"start":{"line":11,"column":45},"end":{"line":11,"column":55}},"type":"default-arg","locations":[{"start":{"line":11,"column":53},"end":{"line":11,"column":55}}],"line":11},"1":{"loc":{"start":{"line":30,"column":15},"end":{"line":30,"column":60}},"type":"cond-expr","locations":[{"start":{"line":30,"column":39},"end":{"line":30,"column":48}},{"start":{"line":30,"column":51},"end":{"line":30,"column":60}}],"line":30},"2":{"loc":{"start":{"line":30,"column":15},"end":{"line":30,"column":36}},"type":"binary-expr","locations":[{"start":{"line":30,"column":15},"end":{"line":30,"column":24}},{"start":{"line":30,"column":28},"end":{"line":30,"column":36}}],"line":30}},"s":{"0":1,"1":24,"2":24,"3":24,"4":0,"5":24,"6":0,"7":0,"8":24},"f":{"0":24,"1":0,"2":0},"b":{"0":[0],"1":[0,24],"2":[24,24]},"_coverageSchema":"1a1c01bbd47fc00a2c39e90264f33305004495a9","hash":"96184103988bd7678f93398389ac0bd563c53390"}
,"D:\\www\\gostack2k20\\aulas\\desafios\\gostack-template-react-native-delivery-desafio\\src\\components\\SearchInput\\styles.ts": {"path":"D:\\www\\gostack2k20\\aulas\\desafios\\gostack-template-react-native-delivery-desafio\\src\\components\\SearchInput\\styles.ts","statementMap":{"0":{"start":{"line":8,"column":25},"end":{"line":24,"column":1}},"1":{"start":{"line":20,"column":4},"end":{"line":23,"column":5}},"2":{"start":{"line":26,"column":25},"end":{"line":31,"column":1}},"3":{"start":{"line":33,"column":20},"end":{"line":35,"column":1}}},"fnMap":{"0":{"name":"(anonymous_0)","decl":{"start":{"line":19,"column":4},"end":{"line":19,"column":5}},"loc":{"start":{"line":20,"column":4},"end":{"line":23,"column":5}},"line":20}},"branchMap":{"0":{"loc":{"start":{"line":20,"column":4},"end":{"line":23,"column":5}},"type":"binary-expr","locations":[{"start":{"line":20,"column":4},"end":{"line":20,"column":19}},{"start":{"line":21,"column":4},"end":{"line":23,"column":5}}],"line":20}},"s":{"0":1,"1":24,"2":1,"3":1},"f":{"0":24},"b":{"0":[24,0]},"_coverageSchema":"1a1c01bbd47fc00a2c39e90264f33305004495a9","hash":"64680630003ef620613a83516c9b45ea6f6453b3"}
,"D:\\www\\gostack2k20\\aulas\\desafios\\gostack-template-react-native-delivery-desafio\\src\\pages\\Dashboard\\index.tsx": {"path":"D:\\www\\gostack2k20\\aulas\\desafios\\gostack-template-react-native-delivery-desafio\\src\\pages\\Dashboard\\index.tsx","statementMap":{"0":{"start":{"line":46,"column":28},"end":{"line":171,"column":1}},"1":{"start":{"line":47,"column":28},"end":{"line":47,"column":48}},"2":{"start":{"line":48,"column":38},"end":{"line":48,"column":62}},"3":{"start":{"line":49,"column":50},"end":{"line":51,"column":5}},"4":{"start":{"line":52,"column":40},"end":{"line":52,"column":52}},"5":{"start":{"line":54,"column":21},"end":{"line":54,"column":36}},"6":{"start":{"line":57,"column":4},"end":{"line":57,"column":47}},"7":{"start":{"line":60,"column":2},"end":{"line":78,"column":38}},"8":{"start":{"line":62,"column":23},"end":{"line":67,"column":8}},"9":{"start":{"line":69,"column":29},"end":{"line":72,"column":9}},"10":{"start":{"line":69,"column":56},"end":{"line":72,"column":7}},"11":{"start":{"line":74,"column":6},"end":{"line":74,"column":31}},"12":{"start":{"line":77,"column":4},"end":{"line":77,"column":16}},"13":{"start":{"line":80,"column":2},"end":{"line":88,"column":9}},"14":{"start":{"line":82,"column":6},"end":{"line":84,"column":9}},"15":{"start":{"line":83,"column":8},"end":{"line":83,"column":37}},"16":{"start":{"line":87,"column":4},"end":{"line":87,"column":21}},"17":{"start":{"line":91,"column":4},"end":{"line":95,"column":5}},"18":{"start":{"line":92,"column":6},"end":{"line":92,"column":29}},"19":{"start":{"line":94,"column":6},"end":{"line":94,"column":30}},"20":{"start":{"line":98,"column":2},"end":{"line":170,"column":4}},"21":{"start":{"line":106,"column":25},"end":{"line":106,"column":52}},"22":{"start":{"line":127,"column":14},"end":{"line":139,"column":29}},"23":{"start":{"line":130,"column":31},"end":{"line":130,"column":64}},"24":{"start":{"line":147,"column":14},"end":{"line":164,"column":21}},"25":{"start":{"line":149,"column":31},"end":{"line":149,"column":54}}},"fnMap":{"0":{"name":"(anonymous_0)","decl":{"start":{"line":46,"column":28},"end":{"line":46,"column":29}},"loc":{"start":{"line":46,"column":34},"end":{"line":171,"column":1}},"line":46},"1":{"name":"handleNavigate","decl":{"start":{"line":56,"column":17},"end":{"line":56,"column":31}},"loc":{"start":{"line":56,"column":59},"end":{"line":58,"column":3}},"line":56},"2":{"name":"(anonymous_2)","decl":{"start":{"line":60,"column":12},"end":{"line":60,"column":13}},"loc":{"start":{"line":60,"column":18},"end":{"line":78,"column":3}},"line":60},"3":{"name":"loadFoods","decl":{"start":{"line":61,"column":19},"end":{"line":61,"column":28}},"loc":{"start":{"line":61,"column":46},"end":{"line":75,"column":5}},"line":61},"4":{"name":"(anonymous_4)","decl":{"start":{"line":69,"column":47},"end":{"line":69,"column":48}},"loc":{"start":{"line":69,"column":56},"end":{"line":72,"column":7}},"line":69},"5":{"name":"(anonymous_5)","decl":{"start":{"line":80,"column":12},"end":{"line":80,"column":13}},"loc":{"start":{"line":80,"column":18},"end":{"line":88,"column":3}},"line":80},"6":{"name":"loadCategories","decl":{"start":{"line":81,"column":19},"end":{"line":81,"column":33}},"loc":{"start":{"line":81,"column":51},"end":{"line":85,"column":5}},"line":81},"7":{"name":"(anonymous_7)","decl":{"start":{"line":82,"column":39},"end":{"line":82,"column":40}},"loc":{"start":{"line":82,"column":51},"end":{"line":84,"column":7}},"line":82},"8":{"name":"handleSelectCategory","decl":{"start":{"line":90,"column":11},"end":{"line":90,"column":31}},"loc":{"start":{"line":90,"column":50},"end":{"line":96,"column":3}},"line":90},"9":{"name":"(anonymous_9)","decl":{"start":{"line":106,"column":19},"end":{"line":106,"column":20}},"loc":{"start":{"line":106,"column":25},"end":{"line":106,"column":52}},"line":106},"10":{"name":"(anonymous_10)","decl":{"start":{"line":126,"column":28},"end":{"line":126,"column":29}},"loc":{"start":{"line":127,"column":14},"end":{"line":139,"column":29}},"line":127},"11":{"name":"(anonymous_11)","decl":{"start":{"line":130,"column":25},"end":{"line":130,"column":26}},"loc":{"start":{"line":130,"column":31},"end":{"line":130,"column":64}},"line":130},"12":{"name":"(anonymous_12)","decl":{"start":{"line":146,"column":23},"end":{"line":146,"column":24}},"loc":{"start":{"line":147,"column":14},"end":{"line":164,"column":21}},"line":147},"13":{"name":"(anonymous_13)","decl":{"start":{"line":149,"column":25},"end":{"line":149,"column":26}},"loc":{"start":{"line":149,"column":31},"end":{"line":149,"column":54}},"line":149}},"branchMap":{"0":{"loc":{"start":{"line":91,"column":4},"end":{"line":95,"column":5}},"type":"if","locations":[{"start":{"line":91,"column":4},"end":{"line":95,"column":5}},{"start":{"line":91,"column":4},"end":{"line":95,"column":5}}],"line":91}},"s":{"0":1,"1":24,"2":24,"3":24,"4":24,"5":24,"6":1,"7":24,"8":10,"9":10,"10":16,"11":10,"12":10,"13":24,"14":4,"15":4,"16":4,"17":3,"18":1,"19":2,"20":24,"21":0,"22":30,"23":3,"24":32,"25":1},"f":{"0":24,"1":1,"2":10,"3":10,"4":16,"5":4,"6":4,"7":4,"8":3,"9":0,"10":30,"11":3,"12":32,"13":1},"b":{"0":[1,2]},"_coverageSchema":"1a1c01bbd47fc00a2c39e90264f33305004495a9","hash":"521f522dd2f98905ae0a81c1d3ecbf3e7fa8f69e"}
,"D:\\www\\gostack2k20\\aulas\\desafios\\gostack-template-react-native-delivery-desafio\\src\\pages\\Dashboard\\styles.ts": {"path":"D:\\www\\gostack2k20\\aulas\\desafios\\gostack-template-react-native-delivery-desafio\\src\\pages\\Dashboard\\styles.ts","statementMap":{"0":{"start":{"line":7,"column":25},"end":{"line":10,"column":1}},"1":{"start":{"line":12,"column":22},"end":{"line":19,"column":1}},"2":{"start":{"line":21,"column":31},"end":{"line":24,"column":1}},"3":{"start":{"line":26,"column":21},"end":{"line":34,"column":1}},"4":{"start":{"line":36,"column":33},"end":{"line":38,"column":1}},"5":{"start":{"line":40,"column":30},"end":{"line":42,"column":1}},"6":{"start":{"line":44,"column":28},"end":{"line":63,"column":1}},"7":{"start":{"line":58,"column":4},"end":{"line":62,"column":5}},"8":{"start":{"line":65,"column":33},"end":{"line":72,"column":1}},"9":{"start":{"line":74,"column":30},"end":{"line":76,"column":1}},"10":{"start":{"line":78,"column":24},"end":{"line":82,"column":1}},"11":{"start":{"line":84,"column":20},"end":{"line":91,"column":1}},"12":{"start":{"line":93,"column":34},"end":{"line":99,"column":1}},"13":{"start":{"line":101,"column":27},"end":{"line":104,"column":1}},"14":{"start":{"line":106,"column":25},"end":{"line":113,"column":1}},"15":{"start":{"line":114,"column":31},"end":{"line":122,"column":1}},"16":{"start":{"line":124,"column":27},"end":{"line":133,"column":1}}},"fnMap":{"0":{"name":"(anonymous_0)","decl":{"start":{"line":57,"column":4},"end":{"line":57,"column":5}},"loc":{"start":{"line":58,"column":4},"end":{"line":62,"column":5}},"line":58}},"branchMap":{"0":{"loc":{"start":{"line":58,"column":4},"end":{"line":62,"column":5}},"type":"binary-expr","locations":[{"start":{"line":58,"column":4},"end":{"line":58,"column":20}},{"start":{"line":59,"column":4},"end":{"line":62,"column":5}}],"line":58}},"s":{"0":1,"1":1,"2":1,"3":1,"4":1,"5":1,"6":1,"7":30,"8":1,"9":1,"10":1,"11":1,"12":1,"13":1,"14":1,"15":1,"16":1},"f":{"0":30},"b":{"0":[30,4]},"_coverageSchema":"1a1c01bbd47fc00a2c39e90264f33305004495a9","hash":"09e73cce21c3470bb3aed90140beb249ed7a3133"}
,"D:\\www\\gostack2k20\\aulas\\desafios\\gostack-template-react-native-delivery-desafio\\src\\pages\\Favorites\\index.tsx": {"path":"D:\\www\\gostack2k20\\aulas\\desafios\\gostack-template-react-native-delivery-desafio\\src\\pages\\Favorites\\index.tsx","statementMap":{"0":{"start":{"line":30,"column":28},"end":{"line":77,"column":1}},"1":{"start":{"line":31,"column":36},"end":{"line":31,"column":56}},"2":{"start":{"line":33,"column":2},"end":{"line":46,"column":9}},"3":{"start":{"line":35,"column":23},"end":{"line":35,"column":57}},"4":{"start":{"line":37,"column":30},"end":{"line":40,"column":9}},"5":{"start":{"line":37,"column":57},"end":{"line":40,"column":7}},"6":{"start":{"line":42,"column":6},"end":{"line":42,"column":36}},"7":{"start":{"line":45,"column":4},"end":{"line":45,"column":20}},"8":{"start":{"line":48,"column":2},"end":{"line":76,"column":4}},"9":{"start":{"line":57,"column":32},"end":{"line":57,"column":47}},"10":{"start":{"line":59,"column":12},"end":{"line":71,"column":19}}},"fnMap":{"0":{"name":"(anonymous_0)","decl":{"start":{"line":30,"column":28},"end":{"line":30,"column":29}},"loc":{"start":{"line":30,"column":34},"end":{"line":77,"column":1}},"line":30},"1":{"name":"(anonymous_1)","decl":{"start":{"line":33,"column":12},"end":{"line":33,"column":13}},"loc":{"start":{"line":33,"column":18},"end":{"line":46,"column":3}},"line":33},"2":{"name":"loadFavorites","decl":{"start":{"line":34,"column":19},"end":{"line":34,"column":32}},"loc":{"start":{"line":34,"column":50},"end":{"line":43,"column":5}},"line":34},"3":{"name":"(anonymous_3)","decl":{"start":{"line":37,"column":48},"end":{"line":37,"column":49}},"loc":{"start":{"line":37,"column":57},"end":{"line":40,"column":7}},"line":37},"4":{"name":"(anonymous_4)","decl":{"start":{"line":57,"column":24},"end":{"line":57,"column":25}},"loc":{"start":{"line":57,"column":32},"end":{"line":57,"column":47}},"line":57},"5":{"name":"(anonymous_5)","decl":{"start":{"line":58,"column":22},"end":{"line":58,"column":23}},"loc":{"start":{"line":59,"column":12},"end":{"line":71,"column":19}},"line":59}},"branchMap":{},"s":{"0":1,"1":2,"2":2,"3":1,"4":1,"5":2,"6":1,"7":1,"8":2,"9":5,"10":2},"f":{"0":2,"1":1,"2":1,"3":2,"4":5,"5":2},"b":{},"_coverageSchema":"1a1c01bbd47fc00a2c39e90264f33305004495a9","hash":"8fcf8a4d57d7eca2658b12864db48b346b1b3e8e"}
,"D:\\www\\gostack2k20\\aulas\\desafios\\gostack-template-react-native-delivery-desafio\\src\\pages\\Favorites\\styles.ts": {"path":"D:\\www\\gostack2k20\\aulas\\desafios\\gostack-template-react-native-delivery-desafio\\src\\pages\\Favorites\\styles.ts","statementMap":{"0":{"start":{"line":13,"column":25},"end":{"line":16,"column":1}},"1":{"start":{"line":18,"column":22},"end":{"line":24,"column":1}},"2":{"start":{"line":26,"column":27},"end":{"line":33,"column":1}},"3":{"start":{"line":35,"column":30},"end":{"line":38,"column":1}},"4":{"start":{"line":40,"column":24},"end":{"line":45,"column":1}},"5":{"start":{"line":47,"column":20},"end":{"line":56,"column":1}},"6":{"start":{"line":58,"column":34},"end":{"line":65,"column":1}},"7":{"start":{"line":67,"column":27},"end":{"line":71,"column":1}},"8":{"start":{"line":72,"column":25},"end":{"line":80,"column":1}},"9":{"start":{"line":81,"column":31},"end":{"line":91,"column":1}},"10":{"start":{"line":93,"column":27},"end":{"line":105,"column":1}}},"fnMap":{},"branchMap":{},"s":{"0":1,"1":1,"2":1,"3":1,"4":1,"5":1,"6":1,"7":1,"8":1,"9":1,"10":1},"f":{},"b":{},"_coverageSchema":"1a1c01bbd47fc00a2c39e90264f33305004495a9","hash":"d8c2bac742b96a87665f38a340bfda8790730823"}
,"D:\\www\\gostack2k20\\aulas\\desafios\\gostack-template-react-native-delivery-desafio\\src\\pages\\FoodDetails\\index.tsx": {"path":"D:\\www\\gostack2k20\\aulas\\desafios\\gostack-template-react-native-delivery-desafio\\src\\pages\\FoodDetails\\index.tsx","statementMap":{"0":{"start":{"line":63,"column":30},"end":{"line":265,"column":1}},"1":{"start":{"line":64,"column":26},"end":{"line":64,"column":46}},"2":{"start":{"line":65,"column":30},"end":{"line":65,"column":51}},"3":{"start":{"line":66,"column":38},"end":{"line":66,"column":53}},"4":{"start":{"line":67,"column":42},"end":{"line":67,"column":53}},"5":{"start":{"line":69,"column":21},"end":{"line":69,"column":36}},"6":{"start":{"line":70,"column":16},"end":{"line":70,"column":26}},"7":{"start":{"line":72,"column":22},"end":{"line":72,"column":44}},"8":{"start":{"line":74,"column":2},"end":{"line":91,"column":20}},"9":{"start":{"line":76,"column":21},"end":{"line":76,"column":32}},"10":{"start":{"line":78,"column":23},"end":{"line":78,"column":57}},"11":{"start":{"line":80,"column":6},"end":{"line":80,"column":29}},"12":{"start":{"line":82,"column":6},"end":{"line":87,"column":8}},"13":{"start":{"line":83,"column":43},"end":{"line":86,"column":9}},"14":{"start":{"line":90,"column":4},"end":{"line":90,"column":15}},"15":{"start":{"line":94,"column":26},"end":{"line":98,"column":6}},"16":{"start":{"line":95,"column":6},"end":{"line":97,"column":16}},"17":{"start":{"line":100,"column":4},"end":{"line":100,"column":29}},"18":{"start":{"line":104,"column":22},"end":{"line":104,"column":59}},"19":{"start":{"line":104,"column":43},"end":{"line":104,"column":58}},"20":{"start":{"line":106,"column":4},"end":{"line":114,"column":5}},"21":{"start":{"line":107,"column":28},"end":{"line":111,"column":8}},"22":{"start":{"line":108,"column":8},"end":{"line":110,"column":18}},"23":{"start":{"line":113,"column":6},"end":{"line":113,"column":31}},"24":{"start":{"line":118,"column":4},"end":{"line":118,"column":38}},"25":{"start":{"line":122,"column":4},"end":{"line":122,"column":60}},"26":{"start":{"line":122,"column":26},"end":{"line":122,"column":60}},"27":{"start":{"line":125,"column":25},"end":{"line":137,"column":24}},"28":{"start":{"line":126,"column":4},"end":{"line":134,"column":5}},"29":{"start":{"line":127,"column":6},"end":{"line":127,"column":41}},"30":{"start":{"line":129,"column":6},"end":{"line":133,"column":9}},"31":{"start":{"line":136,"column":4},"end":{"line":136,"column":31}},"32":{"start":{"line":139,"column":20},"end":{"line":148,"column":34}},"33":{"start":{"line":140,"column":23},"end":{"line":143,"column":5}},"34":{"start":{"line":141,"column":30},"end":{"line":141,"column":72}},"35":{"start":{"line":145,"column":23},"end":{"line":145,"column":79}},"36":{"start":{"line":147,"column":4},"end":{"line":147,"column":35}},"37":{"start":{"line":151,"column":18},"end":{"line":156,"column":5}},"38":{"start":{"line":158,"column":4},"end":{"line":158,"column":20}},"39":{"start":{"line":160,"column":4},"end":{"line":160,"column":37}},"40":{"start":{"line":163,"column":27},"end":{"line":166,"column":3}},"41":{"start":{"line":164,"column":11},"end":{"line":164,"column":54}},"42":{"start":{"line":168,"column":2},"end":{"line":179,"column":53}},"43":{"start":{"line":169,"column":4},"end":{"line":178,"column":7}},"44":{"start":{"line":171,"column":8},"end":{"line":176,"column":10}},"45":{"start":{"line":175,"column":25},"end":{"line":175,"column":41}},"46":{"start":{"line":181,"column":2},"end":{"line":264,"column":4}},"47":{"start":{"line":206,"column":12},"end":{"line":227,"column":29}},"48":{"start":{"line":213,"column":33},"end":{"line":213,"column":63}},"49":{"start":{"line":223,"column":33},"end":{"line":223,"column":63}},"50":{"start":{"line":255,"column":44},"end":{"line":255,"column":63}}},"fnMap":{"0":{"name":"(anonymous_0)","decl":{"start":{"line":63,"column":30},"end":{"line":63,"column":31}},"loc":{"start":{"line":63,"column":36},"end":{"line":265,"column":1}},"line":63},"1":{"name":"(anonymous_1)","decl":{"start":{"line":74,"column":12},"end":{"line":74,"column":13}},"loc":{"start":{"line":74,"column":18},"end":{"line":91,"column":3}},"line":74},"2":{"name":"loadFood","decl":{"start":{"line":75,"column":19},"end":{"line":75,"column":27}},"loc":{"start":{"line":75,"column":45},"end":{"line":88,"column":5}},"line":75},"3":{"name":"(anonymous_3)","decl":{"start":{"line":83,"column":33},"end":{"line":83,"column":34}},"loc":{"start":{"line":83,"column":43},"end":{"line":86,"column":9}},"line":83},"4":{"name":"handleIncrementExtra","decl":{"start":{"line":93,"column":11},"end":{"line":93,"column":31}},"loc":{"start":{"line":93,"column":50},"end":{"line":101,"column":3}},"line":93},"5":{"name":"(anonymous_5)","decl":{"start":{"line":94,"column":37},"end":{"line":94,"column":38}},"loc":{"start":{"line":94,"column":46},"end":{"line":98,"column":5}},"line":94},"6":{"name":"handleDecrementExtra","decl":{"start":{"line":103,"column":11},"end":{"line":103,"column":31}},"loc":{"start":{"line":103,"column":50},"end":{"line":115,"column":3}},"line":103},"7":{"name":"(anonymous_7)","decl":{"start":{"line":104,"column":34},"end":{"line":104,"column":35}},"loc":{"start":{"line":104,"column":43},"end":{"line":104,"column":58}},"line":104},"8":{"name":"(anonymous_8)","decl":{"start":{"line":107,"column":39},"end":{"line":107,"column":40}},"loc":{"start":{"line":107,"column":48},"end":{"line":111,"column":7}},"line":107},"9":{"name":"handleIncrementFood","decl":{"start":{"line":117,"column":11},"end":{"line":117,"column":30}},"loc":{"start":{"line":117,"column":39},"end":{"line":119,"column":3}},"line":117},"10":{"name":"handleDecrementFood","decl":{"start":{"line":121,"column":11},"end":{"line":121,"column":30}},"loc":{"start":{"line":121,"column":39},"end":{"line":123,"column":3}},"line":121},"11":{"name":"(anonymous_11)","decl":{"start":{"line":125,"column":37},"end":{"line":125,"column":38}},"loc":{"start":{"line":125,"column":49},"end":{"line":137,"column":3}},"line":125},"12":{"name":"(anonymous_12)","decl":{"start":{"line":139,"column":28},"end":{"line":139,"column":29}},"loc":{"start":{"line":139,"column":34},"end":{"line":148,"column":3}},"line":139},"13":{"name":"(anonymous_13)","decl":{"start":{"line":141,"column":6},"end":{"line":141,"column":7}},"loc":{"start":{"line":141,"column":30},"end":{"line":141,"column":72}},"line":141},"14":{"name":"handleFinishOrder","decl":{"start":{"line":150,"column":17},"end":{"line":150,"column":34}},"loc":{"start":{"line":150,"column":52},"end":{"line":161,"column":3}},"line":150},"15":{"name":"(anonymous_15)","decl":{"start":{"line":164,"column":4},"end":{"line":164,"column":5}},"loc":{"start":{"line":164,"column":11},"end":{"line":164,"column":54}},"line":164},"16":{"name":"(anonymous_16)","decl":{"start":{"line":168,"column":18},"end":{"line":168,"column":19}},"loc":{"start":{"line":168,"column":24},"end":{"line":179,"column":3}},"line":168},"17":{"name":"(anonymous_17)","decl":{"start":{"line":170,"column":19},"end":{"line":170,"column":20}},"loc":{"start":{"line":171,"column":8},"end":{"line":176,"column":10}},"line":171},"18":{"name":"(anonymous_18)","decl":{"start":{"line":175,"column":19},"end":{"line":175,"column":20}},"loc":{"start":{"line":175,"column":25},"end":{"line":175,"column":41}},"line":175},"19":{"name":"(anonymous_19)","decl":{"start":{"line":205,"column":22},"end":{"line":205,"column":23}},"loc":{"start":{"line":206,"column":12},"end":{"line":227,"column":29}},"line":206},"20":{"name":"(anonymous_20)","decl":{"start":{"line":213,"column":27},"end":{"line":213,"column":28}},"loc":{"start":{"line":213,"column":33},"end":{"line":213,"column":63}},"line":213},"21":{"name":"(anonymous_21)","decl":{"start":{"line":223,"column":27},"end":{"line":223,"column":28}},"loc":{"start":{"line":223,"column":33},"end":{"line":223,"column":63}},"line":223},"22":{"name":"(anonymous_22)","decl":{"start":{"line":255,"column":38},"end":{"line":255,"column":39}},"loc":{"start":{"line":255,"column":44},"end":{"line":255,"column":63}},"line":255}},"branchMap":{"0":{"loc":{"start":{"line":95,"column":13},"end":{"line":97,"column":15}},"type":"cond-expr","locations":[{"start":{"line":96,"column":10},"end":{"line":96,"column":52}},{"start":{"line":97,"column":10},"end":{"line":97,"column":15}}],"line":95},"1":{"loc":{"start":{"line":106,"column":4},"end":{"line":114,"column":5}},"type":"if","locations":[{"start":{"line":106,"column":4},"end":{"line":114,"column":5}},{"start":{"line":106,"column":4},"end":{"line":114,"column":5}}],"line":106},"2":{"loc":{"start":{"line":106,"column":8},"end":{"line":106,"column":44}},"type":"binary-expr","locations":[{"start":{"line":106,"column":8},"end":{"line":106,"column":17}},{"start":{"line":106,"column":21},"end":{"line":106,"column":44}}],"line":106},"3":{"loc":{"start":{"line":108,"column":15},"end":{"line":110,"column":17}},"type":"cond-expr","locations":[{"start":{"line":109,"column":12},"end":{"line":109,"column":54}},{"start":{"line":110,"column":12},"end":{"line":110,"column":17}}],"line":108},"4":{"loc":{"start":{"line":122,"column":4},"end":{"line":122,"column":60}},"type":"if","locations":[{"start":{"line":122,"column":4},"end":{"line":122,"column":60}},{"start":{"line":122,"column":4},"end":{"line":122,"column":60}}],"line":122},"5":{"loc":{"start":{"line":126,"column":4},"end":{"line":134,"column":5}},"type":"if","locations":[{"start":{"line":126,"column":4},"end":{"line":134,"column":5}},{"start":{"line":126,"column":4},"end":{"line":134,"column":5}}],"line":126},"6":{"loc":{"start":{"line":164,"column":11},"end":{"line":164,"column":54}},"type":"cond-expr","locations":[{"start":{"line":164,"column":24},"end":{"line":164,"column":34}},{"start":{"line":164,"column":37},"end":{"line":164,"column":54}}],"line":164}},"s":{"0":1,"1":30,"2":30,"3":30,"4":30,"5":30,"6":30,"7":30,"8":30,"9":6,"10":6,"11":6,"12":6,"13":11,"14":6,"15":4,"16":6,"17":4,"18":1,"19":1,"20":1,"21":1,"22":1,"23":1,"24":4,"25":4,"26":3,"27":30,"28":0,"29":0,"30":0,"31":0,"32":30,"33":30,"34":32,"35":30,"36":30,"37":0,"38":0,"39":0,"40":30,"41":6,"42":30,"43":30,"44":0,"45":0,"46":30,"47":32,"48":1,"49":4,"50":0},"f":{"0":30,"1":6,"2":6,"3":11,"4":4,"5":6,"6":1,"7":1,"8":1,"9":4,"10":4,"11":0,"12":30,"13":32,"14":0,"15":6,"16":30,"17":0,"18":0,"19":32,"20":1,"21":4,"22":0},"b":{"0":[4,2],"1":[1,0],"2":[1,1],"3":[1,0],"4":[3,1],"5":[0,0],"6":[0,6]},"_coverageSchema":"1a1c01bbd47fc00a2c39e90264f33305004495a9","hash":"d6a7e086048abedf395f498825771f0313a6dc24"}
,"D:\\www\\gostack2k20\\aulas\\desafios\\gostack-template-react-native-delivery-desafio\\src\\pages\\FoodDetails\\styles.ts": {"path":"D:\\www\\gostack2k20\\aulas\\desafios\\gostack-template-react-native-delivery-desafio\\src\\pages\\FoodDetails\\styles.ts","statementMap":{"0":{"start":{"line":3,"column":25},"end":{"line":6,"column":1}},"1":{"start":{"line":8,"column":22},"end":{"line":15,"column":1}},"2":{"start":{"line":17,"column":31},"end":{"line":23,"column":1}},"3":{"start":{"line":25,"column":30},"end":{"line":27,"column":1}},"4":{"start":{"line":29,"column":20},"end":{"line":35,"column":1}},"5":{"start":{"line":37,"column":34},"end":{"line":42,"column":1}},"6":{"start":{"line":44,"column":27},"end":{"line":46,"column":1}},"7":{"start":{"line":48,"column":25},"end":{"line":54,"column":1}},"8":{"start":{"line":56,"column":31},"end":{"line":64,"column":1}},"9":{"start":{"line":66,"column":27},"end":{"line":75,"column":1}},"10":{"start":{"line":77,"column":21},"end":{"line":84,"column":1}},"11":{"start":{"line":86,"column":36},"end":{"line":89,"column":1}},"12":{"start":{"line":91,"column":30},"end":{"line":99,"column":1}},"13":{"start":{"line":101,"column":34},"end":{"line":108,"column":1}},"14":{"start":{"line":110,"column":34},"end":{"line":115,"column":1}},"15":{"start":{"line":117,"column":30},"end":{"line":120,"column":1}},"16":{"start":{"line":122,"column":36},"end":{"line":127,"column":1}},"17":{"start":{"line":129,"column":26},"end":{"line":137,"column":1}},"18":{"start":{"line":139,"column":33},"end":{"line":149,"column":1}},"19":{"start":{"line":151,"column":33},"end":{"line":157,"column":1}},"20":{"start":{"line":159,"column":26},"end":{"line":166,"column":1}},"21":{"start":{"line":168,"column":29},"end":{"line":173,"column":1}}},"fnMap":{},"branchMap":{},"s":{"0":1,"1":1,"2":1,"3":1,"4":1,"5":1,"6":1,"7":1,"8":1,"9":1,"10":1,"11":1,"12":1,"13":1,"14":1,"15":1,"16":1,"17":1,"18":1,"19":1,"20":1,"21":1},"f":{},"b":{},"_coverageSchema":"1a1c01bbd47fc00a2c39e90264f33305004495a9","hash":"ebcad5ccd5b53fb0609aff94142496dac1cd3ec2"}
,"D:\\www\\gostack2k20\\aulas\\desafios\\gostack-template-react-native-delivery-desafio\\src\\pages\\Orders\\index.tsx": {"path":"D:\\www\\gostack2k20\\aulas\\desafios\\gostack-template-react-native-delivery-desafio\\src\\pages\\Orders\\index.tsx","statementMap":{"0":{"start":{"line":30,"column":25},"end":{"line":77,"column":1}},"1":{"start":{"line":31,"column":30},"end":{"line":31,"column":50}},"2":{"start":{"line":33,"column":2},"end":{"line":46,"column":9}},"3":{"start":{"line":35,"column":23},"end":{"line":35,"column":54}},"4":{"start":{"line":37,"column":30},"end":{"line":40,"column":9}},"5":{"start":{"line":37,"column":57},"end":{"line":40,"column":7}},"6":{"start":{"line":42,"column":6},"end":{"line":42,"column":33}},"7":{"start":{"line":45,"column":4},"end":{"line":45,"column":17}},"8":{"start":{"line":48,"column":2},"end":{"line":76,"column":4}},"9":{"start":{"line":57,"column":32},"end":{"line":57,"column":47}},"10":{"start":{"line":59,"column":12},"end":{"line":71,"column":19}}},"fnMap":{"0":{"name":"(anonymous_0)","decl":{"start":{"line":30,"column":25},"end":{"line":30,"column":26}},"loc":{"start":{"line":30,"column":31},"end":{"line":77,"column":1}},"line":30},"1":{"name":"(anonymous_1)","decl":{"start":{"line":33,"column":12},"end":{"line":33,"column":13}},"loc":{"start":{"line":33,"column":18},"end":{"line":46,"column":3}},"line":33},"2":{"name":"loadOrders","decl":{"start":{"line":34,"column":19},"end":{"line":34,"column":29}},"loc":{"start":{"line":34,"column":47},"end":{"line":43,"column":5}},"line":34},"3":{"name":"(anonymous_3)","decl":{"start":{"line":37,"column":48},"end":{"line":37,"column":49}},"loc":{"start":{"line":37,"column":57},"end":{"line":40,"column":7}},"line":37},"4":{"name":"(anonymous_4)","decl":{"start":{"line":57,"column":24},"end":{"line":57,"column":25}},"loc":{"start":{"line":57,"column":32},"end":{"line":57,"column":47}},"line":57},"5":{"name":"(anonymous_5)","decl":{"start":{"line":58,"column":22},"end":{"line":58,"column":23}},"loc":{"start":{"line":59,"column":12},"end":{"line":71,"column":19}},"line":59}},"branchMap":{},"s":{"0":1,"1":2,"2":2,"3":1,"4":1,"5":2,"6":1,"7":1,"8":2,"9":5,"10":2},"f":{"0":2,"1":1,"2":1,"3":2,"4":5,"5":2},"b":{},"_coverageSchema":"1a1c01bbd47fc00a2c39e90264f33305004495a9","hash":"32be4cc23f8ff109e7f9dee89f5f7cbae78636f0"}
,"D:\\www\\gostack2k20\\aulas\\desafios\\gostack-template-react-native-delivery-desafio\\src\\pages\\Orders\\styles.ts": {"path":"D:\\www\\gostack2k20\\aulas\\desafios\\gostack-template-react-native-delivery-desafio\\src\\pages\\Orders\\styles.ts","statementMap":{"0":{"start":{"line":13,"column":25},"end":{"line":16,"column":1}},"1":{"start":{"line":18,"column":22},"end":{"line":24,"column":1}},"2":{"start":{"line":26,"column":27},"end":{"line":33,"column":1}},"3":{"start":{"line":35,"column":30},"end":{"line":38,"column":1}},"4":{"start":{"line":40,"column":24},"end":{"line":45,"column":1}},"5":{"start":{"line":47,"column":20},"end":{"line":56,"column":1}},"6":{"start":{"line":58,"column":34},"end":{"line":65,"column":1}},"7":{"start":{"line":67,"column":27},"end":{"line":71,"column":1}},"8":{"start":{"line":72,"column":25},"end":{"line":80,"column":1}},"9":{"start":{"line":81,"column":31},"end":{"line":91,"column":1}},"10":{"start":{"line":93,"column":27},"end":{"line":105,"column":1}}},"fnMap":{},"branchMap":{},"s":{"0":1,"1":1,"2":1,"3":1,"4":1,"5":1,"6":1,"7":1,"8":1,"9":1,"10":1},"f":{},"b":{},"_coverageSchema":"1a1c01bbd47fc00a2c39e90264f33305004495a9","hash":"2b413ee58cbc1906d1b7fe249a95d02db308af1c"}
,"D:\\www\\gostack2k20\\aulas\\desafios\\gostack-template-react-native-delivery-desafio\\src\\services\\api.ts": {"path":"D:\\www\\gostack2k20\\aulas\\desafios\\gostack-template-react-native-delivery-desafio\\src\\services\\api.ts","statementMap":{"0":{"start":{"line":3,"column":12},"end":{"line":5,"column":2}}},"fnMap":{},"branchMap":{},"s":{"0":4},"f":{},"b":{},"_coverageSchema":"1a1c01bbd47fc00a2c39e90264f33305004495a9","hash":"0ebc59b885e5d5a4347093a815c5f6970502b486"}
,"D:\\www\\gostack2k20\\aulas\\desafios\\gostack-template-react-native-delivery-desafio\\src\\utils\\formatValue.ts": {"path":"D:\\www\\gostack2k20\\aulas\\desafios\\gostack-template-react-native-delivery-desafio\\src\\utils\\formatValue.ts","statementMap":{"0":{"start":{"line":1,"column":20},"end":{"line":5,"column":18}},"1":{"start":{"line":2,"column":2},"end":{"line":5,"column":18}}},"fnMap":{"0":{"name":"(anonymous_0)","decl":{"start":{"line":1,"column":20},"end":{"line":1,"column":21}},"loc":{"start":{"line":2,"column":2},"end":{"line":5,"column":18}},"line":2}},"branchMap":{},"s":{"0":3,"1":20},"f":{"0":20},"b":{},"_coverageSchema":"1a1c01bbd47fc00a2c39e90264f33305004495a9","hash":"1c19c53d4bed35132c62967df634e9565a911150"}
}
