TN:
SF:src\components\SearchInput\index.tsx
FN:11,(anonymous_0)
FN:15,(anonymous_1)
FN:19,(anonymous_2)
FNF:3
FNH:1
FNDA:24,(anonymous_0)
FNDA:0,(anonymous_1)
FNDA:0,(anonymous_2)
DA:11,1
DA:12,24
DA:13,24
DA:15,24
DA:16,0
DA:19,24
DA:20,0
DA:22,0
DA:25,24
LF:9
LH:6
BRDA:11,0,0,0
BRDA:30,1,0,0
BRDA:30,1,1,24
BRDA:30,2,0,24
BRDA:30,2,1,24
BRF:5
BRH:3
end_of_record
TN:
SF:src\components\SearchInput\styles.ts
FN:19,(anonymous_0)
FNF:1
FNH:1
FNDA:24,(anonymous_0)
DA:8,1
DA:20,24
DA:26,1
DA:33,1
LF:4
LH:4
BRDA:20,0,0,24
BRDA:20,0,1,0
BRF:2
BRH:1
end_of_record
TN:
SF:src\pages\Dashboard\index.tsx
FN:46,(anonymous_0)
FN:56,handleNavigate
FN:60,(anonymous_2)
FN:61,loadFoods
FN:69,(anonymous_4)
FN:80,(anonymous_5)
FN:81,loadCategories
FN:82,(anonymous_7)
FN:90,handleSelectCategory
FN:106,(anonymous_9)
FN:126,(anonymous_10)
FN:130,(anonymous_11)
FN:146,(anonymous_12)
FN:149,(anonymous_13)
FNF:14
FNH:13
FNDA:24,(anonymous_0)
FNDA:1,handleNavigate
FNDA:10,(anonymous_2)
FNDA:10,loadFoods
FNDA:16,(anonymous_4)
FNDA:4,(anonymous_5)
FNDA:4,loadCategories
FNDA:4,(anonymous_7)
FNDA:3,handleSelectCategory
FNDA:0,(anonymous_9)
FNDA:30,(anonymous_10)
FNDA:3,(anonymous_11)
FNDA:32,(anonymous_12)
FNDA:1,(anonymous_13)
DA:46,1
DA:47,24
DA:48,24
DA:49,24
DA:52,24
DA:54,24
DA:57,1
DA:60,24
DA:62,10
DA:69,16
DA:74,10
DA:77,10
DA:80,24
DA:82,4
DA:83,4
DA:87,4
DA:91,3
DA:92,1
DA:94,2
DA:98,24
DA:106,0
DA:127,30
DA:130,3
DA:147,32
DA:149,1
LF:25
LH:24
BRDA:91,0,0,1
BRDA:91,0,1,2
BRF:2
BRH:2
end_of_record
TN:
SF:src\pages\Dashboard\styles.ts
FN:57,(anonymous_0)
FNF:1
FNH:1
FNDA:30,(anonymous_0)
DA:7,1
DA:12,1
DA:21,1
DA:26,1
DA:36,1
DA:40,1
DA:44,1
DA:58,30
DA:65,1
DA:74,1
DA:78,1
DA:84,1
DA:93,1
DA:101,1
DA:106,1
DA:114,1
DA:124,1
LF:17
LH:17
BRDA:58,0,0,30
BRDA:58,0,1,4
BRF:2
BRH:2
end_of_record
TN:
SF:src\pages\Favorites\index.tsx
FN:30,(anonymous_0)
FN:33,(anonymous_1)
FN:34,loadFavorites
FN:37,(anonymous_3)
FN:57,(anonymous_4)
FN:58,(anonymous_5)
FNF:6
FNH:6
FNDA:2,(anonymous_0)
FNDA:1,(anonymous_1)
FNDA:1,loadFavorites
FNDA:2,(anonymous_3)
FNDA:5,(anonymous_4)
FNDA:2,(anonymous_5)
DA:30,1
DA:31,2
DA:33,2
DA:35,1
DA:37,2
DA:42,1
DA:45,1
DA:48,2
DA:57,5
DA:59,2
LF:10
LH:10
BRF:0
BRH:0
end_of_record
TN:
SF:src\pages\Favorites\styles.ts
FNF:0
FNH:0
DA:13,1
DA:18,1
DA:26,1
DA:35,1
DA:40,1
DA:47,1
DA:58,1
DA:67,1
DA:72,1
DA:81,1
DA:93,1
LF:11
LH:11
BRF:0
BRH:0
end_of_record
TN:
SF:src\pages\FoodDetails\index.tsx
FN:63,(anonymous_0)
FN:74,(anonymous_1)
FN:75,loadFood
FN:83,(anonymous_3)
FN:93,handleIncrementExtra
FN:94,(anonymous_5)
FN:103,handleDecrementExtra
FN:104,(anonymous_7)
FN:107,(anonymous_8)
FN:117,handleIncrementFood
FN:121,handleDecrementFood
FN:125,(anonymous_11)
FN:139,(anonymous_12)
FN:141,(anonymous_13)
FN:150,handleFinishOrder
FN:164,(anonymous_15)
FN:168,(anonymous_16)
FN:170,(anonymous_17)
FN:175,(anonymous_18)
FN:205,(anonymous_19)
FN:213,(anonymous_20)
FN:223,(anonymous_21)
FN:255,(anonymous_22)
FNF:23
FNH:18
FNDA:30,(anonymous_0)
FNDA:6,(anonymous_1)
FNDA:6,loadFood
FNDA:11,(anonymous_3)
FNDA:4,handleIncrementExtra
FNDA:6,(anonymous_5)
FNDA:1,handleDecrementExtra
FNDA:1,(anonymous_7)
FNDA:1,(anonymous_8)
FNDA:4,handleIncrementFood
FNDA:4,handleDecrementFood
FNDA:0,(anonymous_11)
FNDA:30,(anonymous_12)
FNDA:32,(anonymous_13)
FNDA:0,handleFinishOrder
FNDA:6,(anonymous_15)
FNDA:30,(anonymous_16)
FNDA:0,(anonymous_17)
FNDA:0,(anonymous_18)
FNDA:32,(anonymous_19)
FNDA:1,(anonymous_20)
FNDA:4,(anonymous_21)
FNDA:0,(anonymous_22)
DA:63,1
DA:64,30
DA:65,30
DA:66,30
DA:67,30
DA:69,30
DA:70,30
DA:72,30
DA:74,30
DA:76,6
DA:78,6
DA:80,6
DA:82,6
DA:83,11
DA:90,6
DA:94,4
DA:95,6
DA:100,4
DA:104,1
DA:106,1
DA:107,1
DA:108,1
DA:113,1
DA:118,4
DA:122,4
DA:125,30
DA:126,0
DA:127,0
DA:129,0
DA:136,0
DA:139,30
DA:140,30
DA:141,32
DA:145,30
DA:147,30
DA:151,0
DA:158,0
DA:160,0
DA:163,30
DA:164,6
DA:168,30
DA:169,30
DA:171,0
DA:175,0
DA:181,30
DA:206,32
DA:213,1
DA:223,4
DA:255,0
LF:49
LH:39
BRDA:95,0,0,4
BRDA:95,0,1,2
BRDA:106,1,0,1
BRDA:106,1,1,0
BRDA:106,2,0,1
BRDA:106,2,1,1
BRDA:108,3,0,1
BRDA:108,3,1,0
BRDA:122,4,0,3
BRDA:122,4,1,1
BRDA:126,5,0,0
BRDA:126,5,1,0
BRDA:164,6,0,0
BRDA:164,6,1,6
BRF:14
BRH:9
end_of_record
TN:
SF:src\pages\FoodDetails\styles.ts
FNF:0
FNH:0
DA:3,1
DA:8,1
DA:17,1
DA:25,1
DA:29,1
DA:37,1
DA:44,1
DA:48,1
DA:56,1
DA:66,1
DA:77,1
DA:86,1
DA:91,1
DA:101,1
DA:110,1
DA:117,1
DA:122,1
DA:129,1
DA:139,1
DA:151,1
DA:159,1
DA:168,1
LF:22
LH:22
BRF:0
BRH:0
end_of_record
TN:
SF:src\pages\Orders\index.tsx
FN:30,(anonymous_0)
FN:33,(anonymous_1)
FN:34,loadOrders
FN:37,(anonymous_3)
FN:57,(anonymous_4)
FN:58,(anonymous_5)
FNF:6
FNH:6
FNDA:2,(anonymous_0)
FNDA:1,(anonymous_1)
FNDA:1,loadOrders
FNDA:2,(anonymous_3)
FNDA:5,(anonymous_4)
FNDA:2,(anonymous_5)
DA:30,1
DA:31,2
DA:33,2
DA:35,1
DA:37,2
DA:42,1
DA:45,1
DA:48,2
DA:57,5
DA:59,2
LF:10
LH:10
BRF:0
BRH:0
end_of_record
TN:
SF:src\pages\Orders\styles.ts
FNF:0
FNH:0
DA:13,1
DA:18,1
DA:26,1
DA:35,1
DA:40,1
DA:47,1
DA:58,1
DA:67,1
DA:72,1
DA:81,1
DA:93,1
LF:11
LH:11
BRF:0
BRH:0
end_of_record
TN:
SF:src\services\api.ts
FNF:0
FNH:0
DA:3,4
LF:1
LH:1
BRF:0
BRH:0
end_of_record
TN:
SF:src\utils\formatValue.ts
FN:1,(anonymous_0)
FNF:1
FNH:1
FNDA:20,(anonymous_0)
DA:1,3
DA:2,20
LF:2
LH:2
BRF:0
BRH:0
end_of_record
